La siguiente acción es 8
El siguiente estado es 5
l
La siguiente acción es 9
El siguiente estado es 5
le
La siguiente acción es 9
El siguiente estado es 5
let
La siguiente acción es 10
El siguiente estado es 103
La linea es 1
La siguiente acción es 1
El siguiente estado es 0
La siguiente acción es 8
El siguiente estado es 5
a
La siguiente acción es 10
El siguiente estado es 103
La siguiente acción es 1
El siguiente estado es 0
La siguiente acción es 1
El siguiente estado es 0
La siguiente acción es 1
El siguiente estado es 0
La siguiente acción es 1
El siguiente estado es 0
La siguiente acción es 8
El siguiente estado es 5
i
La siguiente acción es 9
El siguiente estado es 5
in
La siguiente acción es 9
El siguiente estado es 5
int
La siguiente acción es 10
El siguiente estado es 103
La linea es 1
La siguiente acción es 1
El siguiente estado es 0
La siguiente acción es 1
El siguiente estado es 0
La siguiente acción es 1
El siguiente estado es 0
La siguiente acción es 20
El siguiente estado es 113
La linea es 1
La siguiente acción es 1
El siguiente estado es 0
La siguiente acción es 8
El siguiente estado es 5
l
La siguiente acción es 9
El siguiente estado es 5
le
La siguiente acción es 9
El siguiente estado es 5
let
La siguiente acción es 10
El siguiente estado es 103
La linea es 2
La siguiente acción es 1
El siguiente estado es 0
La siguiente acción es 8
El siguiente estado es 5
b
La siguiente acción es 10
El siguiente estado es 103
La siguiente acción es 1
El siguiente estado es 0
La siguiente acción es 1
El siguiente estado es 0
La siguiente acción es 1
El siguiente estado es 0
La siguiente acción es 1
El siguiente estado es 0
La siguiente acción es 1
El siguiente estado es 0
La siguiente acción es 8
El siguiente estado es 5
i
La siguiente acción es 9
El siguiente estado es 5
in
La siguiente acción es 9
El siguiente estado es 5
int
La siguiente acción es 10
El siguiente estado es 103
La linea es 2
La siguiente acción es 1
El siguiente estado es 0
La siguiente acción es 1
El siguiente estado es 0
La siguiente acción es 20
El siguiente estado es 113
La linea es 2
La siguiente acción es 1
El siguiente estado es 0
La siguiente acción es 8
El siguiente estado es 5
l
La siguiente acción es 9
El siguiente estado es 5
le
La siguiente acción es 9
El siguiente estado es 5
let
La siguiente acción es 10
El siguiente estado es 103
La linea es 3
La siguiente acción es 1
El siguiente estado es 0
La siguiente acción es 8
El siguiente estado es 5
n
La siguiente acción es 9
El siguiente estado es 5
nu
La siguiente acción es 9
El siguiente estado es 5
num
La siguiente acción es 9
El siguiente estado es 5
numb
La siguiente acción es 9
El siguiente estado es 5
numbe
La siguiente acción es 9
El siguiente estado es 5
number
La siguiente acción es 10
El siguiente estado es 103
La siguiente acción es 1
El siguiente estado es 0
La siguiente acción es 8
El siguiente estado es 5
i
La siguiente acción es 9
El siguiente estado es 5
in
La siguiente acción es 9
El siguiente estado es 5
int
La siguiente acción es 10
El siguiente estado es 103
La linea es 3
La siguiente acción es 1
El siguiente estado es 0
La siguiente acción es 20
El siguiente estado es 113
La linea es 3
La siguiente acción es 1
El siguiente estado es 0
La siguiente acción es 8
El siguiente estado es 5
p
La siguiente acción es 9
El siguiente estado es 5
pr
La siguiente acción es 9
El siguiente estado es 5
pri
La siguiente acción es 9
El siguiente estado es 5
prin
La siguiente acción es 9
El siguiente estado es 5
print
La siguiente acción es 10
El siguiente estado es 103
La linea es 4
La siguiente acción es 1
El siguiente estado es 0
La siguiente acción es 1
El siguiente estado es 0
La siguiente acción es 2
El siguiente estado es 3
Se ha llegado a B
La siguiente acción es 3
El siguiente estado es 3
Se ha llegado a C
La siguiente acción es 3
El siguiente estado es 3
Se ha llegado a C
La siguiente acción es 3
El siguiente estado es 3
Se ha llegado a C
La siguiente acción es 3
El siguiente estado es 3
Se ha llegado a C
La siguiente acción es 3
El siguiente estado es 3
Se ha llegado a C
La siguiente acción es 3
El siguiente estado es 3
Se ha llegado a C
La siguiente acción es 3
El siguiente estado es 3
Se ha llegado a C
La siguiente acción es 3
El siguiente estado es 3
Se ha llegado a C
La siguiente acción es 3
El siguiente estado es 3
Se ha llegado a C
La siguiente acción es 3
El siguiente estado es 3
Se ha llegado a C
La siguiente acción es 3
El siguiente estado es 3
Se ha llegado a C
La siguiente acción es 3
El siguiente estado es 3
Se ha llegado a C
La siguiente acción es 3
El siguiente estado es 3
Se ha llegado a C
La siguiente acción es 3
El siguiente estado es 3
Se ha llegado a C
La siguiente acción es 3
El siguiente estado es 3
Se ha llegado a C
La siguiente acción es 3
El siguiente estado es 3
Se ha llegado a C
La siguiente acción es 3
El siguiente estado es 3
Se ha llegado a C
La siguiente acción es 3
El siguiente estado es 3
Se ha llegado a C
La siguiente acción es 3
El siguiente estado es 3
Se ha llegado a C
La siguiente acción es 3
El siguiente estado es 3
Se ha llegado a C
La siguiente acción es 3
El siguiente estado es 3
Se ha llegado a C
La siguiente acción es 3
El siguiente estado es 3
Se ha llegado a C
La siguiente acción es 3
El siguiente estado es 3
Se ha llegado a C
La siguiente acción es 3
El siguiente estado es 3
Se ha llegado a C
La siguiente acción es 3
El siguiente estado es 3
Se ha llegado a C
La siguiente acción es 3
El siguiente estado es 3
Se ha llegado a C
La siguiente acción es 3
El siguiente estado es 3
Se ha llegado a C
La siguiente acción es 3
El siguiente estado es 3
Se ha llegado a C
La siguiente acción es 4
El siguiente estado es 101
Se ha llegado a D
La linea es 4
La siguiente acción es 1
El siguiente estado es 0
La siguiente acción es 20
El siguiente estado es 113
La linea es 4
La siguiente acción es 1
El siguiente estado es 0
La siguiente acción es 8
El siguiente estado es 5
i
La siguiente acción es 9
El siguiente estado es 5
in
La siguiente acción es 9
El siguiente estado es 5
inp
La siguiente acción es 9
El siguiente estado es 5
inpu
La siguiente acción es 9
El siguiente estado es 5
input
La siguiente acción es 10
El siguiente estado es 103
La linea es 5
La siguiente acción es 1
El siguiente estado es 0
La siguiente acción es 8
El siguiente estado es 5
a
La siguiente acción es 10
El siguiente estado es 103
La siguiente acción es 20
El siguiente estado es 113
La linea es 5
La siguiente acción es 1
El siguiente estado es 0
La siguiente acción es 8
El siguiente estado es 5
p
La siguiente acción es 9
El siguiente estado es 5
pr
La siguiente acción es 9
El siguiente estado es 5
pri
La siguiente acción es 9
El siguiente estado es 5
prin
La siguiente acción es 9
El siguiente estado es 5
print
La siguiente acción es 10
El siguiente estado es 103
La linea es 6
La siguiente acción es 1
El siguiente estado es 0
La siguiente acción es 2
El siguiente estado es 3
Se ha llegado a B
La siguiente acción es 3
El siguiente estado es 3
Se ha llegado a C
La siguiente acción es 3
El siguiente estado es 3
Se ha llegado a C
La siguiente acción es 3
El siguiente estado es 3
Se ha llegado a C
La siguiente acción es 3
El siguiente estado es 3
Se ha llegado a C
La siguiente acción es 3
El siguiente estado es 3
Se ha llegado a C
La siguiente acción es 3
El siguiente estado es 3
Se ha llegado a C
La siguiente acción es 3
El siguiente estado es 3
Se ha llegado a C
La siguiente acción es 3
El siguiente estado es 3
Se ha llegado a C
La siguiente acción es 3
El siguiente estado es 3
Se ha llegado a C
La siguiente acción es 3
El siguiente estado es 3
Se ha llegado a C
La siguiente acción es 3
El siguiente estado es 3
Se ha llegado a C
La siguiente acción es 3
El siguiente estado es 3
Se ha llegado a C
La siguiente acción es 3
El siguiente estado es 3
Se ha llegado a C
La siguiente acción es 3
El siguiente estado es 3
Se ha llegado a C
La siguiente acción es 3
El siguiente estado es 3
Se ha llegado a C
La siguiente acción es 3
El siguiente estado es 3
Se ha llegado a C
La siguiente acción es 3
El siguiente estado es 3
Se ha llegado a C
La siguiente acción es 3
El siguiente estado es 3
Se ha llegado a C
La siguiente acción es 3
El siguiente estado es 3
Se ha llegado a C
La siguiente acción es 3
El siguiente estado es 3
Se ha llegado a C
La siguiente acción es 3
El siguiente estado es 3
Se ha llegado a C
La siguiente acción es 3
El siguiente estado es 3
Se ha llegado a C
La siguiente acción es 3
El siguiente estado es 3
Se ha llegado a C
La siguiente acción es 3
El siguiente estado es 3
Se ha llegado a C
La siguiente acción es 3
El siguiente estado es 3
Se ha llegado a C
La siguiente acción es 3
El siguiente estado es 3
Se ha llegado a C
La siguiente acción es 3
El siguiente estado es 3
Se ha llegado a C
La siguiente acción es 3
El siguiente estado es 3
Se ha llegado a C
La siguiente acción es 3
El siguiente estado es 3
Se ha llegado a C
La siguiente acción es 4
El siguiente estado es 101
Se ha llegado a D
La linea es 6
La siguiente acción es 20
El siguiente estado es 113
La linea es 6
La siguiente acción es 8
El siguiente estado es 5
i
La siguiente acción es 9
El siguiente estado es 5
in
La siguiente acción es 9
El siguiente estado es 5
inp
La siguiente acción es 9
El siguiente estado es 5
inpu
La siguiente acción es 9
El siguiente estado es 5
input
La siguiente acción es 10
El siguiente estado es 103
La linea es 6
La siguiente acción es 1
El siguiente estado es 0
La siguiente acción es 1
El siguiente estado es 0
La siguiente acción es 1
El siguiente estado es 0
La siguiente acción es 1
El siguiente estado es 0
La siguiente acción es 8
El siguiente estado es 5
b
La siguiente acción es 10
El siguiente estado es 103
La siguiente acción es 20
El siguiente estado es 113
La linea es 7
La siguiente acción es 1
El siguiente estado es 0
La siguiente acción es 8
El siguiente estado es 5
f
La siguiente acción es 9
El siguiente estado es 5
fu
La siguiente acción es 9
El siguiente estado es 5
fun
La siguiente acción es 9
El siguiente estado es 5
func
La siguiente acción es 9
El siguiente estado es 5
funct
La siguiente acción es 9
El siguiente estado es 5
functi
La siguiente acción es 9
El siguiente estado es 5
functio
La siguiente acción es 9
El siguiente estado es 5
function
La siguiente acción es 10
El siguiente estado es 103
La linea es 8
La siguiente acción es 1
El siguiente estado es 0
La siguiente acción es 1
El siguiente estado es 0
La siguiente acción es 8
El siguiente estado es 5
o
La siguiente acción es 9
El siguiente estado es 5
op
La siguiente acción es 9
El siguiente estado es 5
ope
La siguiente acción es 9
El siguiente estado es 5
oper
La siguiente acción es 9
El siguiente estado es 5
opera
La siguiente acción es 9
El siguiente estado es 5
operac
La siguiente acción es 9
El siguiente estado es 5
operaci
La siguiente acción es 9
El siguiente estado es 5
operacio
La siguiente acción es 9
El siguiente estado es 5
operacion
La siguiente acción es 10
El siguiente estado es 103
La siguiente acción es 1
El siguiente estado es 0
La siguiente acción es 8
El siguiente estado es 5
i
La siguiente acción es 9
El siguiente estado es 5
in
La siguiente acción es 9
El siguiente estado es 5
int
La siguiente acción es 10
El siguiente estado es 103
La linea es 8
La siguiente acción es 16
El siguiente estado es 109
La linea es 8
La siguiente acción es 8
El siguiente estado es 5
i
La siguiente acción es 9
El siguiente estado es 5
in
La siguiente acción es 9
El siguiente estado es 5
int
La siguiente acción es 10
El siguiente estado es 103
La linea es 8
La siguiente acción es 1
El siguiente estado es 0
La siguiente acción es 8
El siguiente estado es 5
n
La siguiente acción es 9
El siguiente estado es 5
nu
La siguiente acción es 9
El siguiente estado es 5
num
La siguiente acción es 9
El siguiente estado es 5
num_
La siguiente acción es 9
El siguiente estado es 5
num_1
La siguiente acción es 10
El siguiente estado es 103
La siguiente acción es 21
El siguiente estado es 114
La linea es 8
La siguiente acción es 1
El siguiente estado es 0
La siguiente acción es 8
El siguiente estado es 5
i
La siguiente acción es 9
El siguiente estado es 5
in
La siguiente acción es 9
El siguiente estado es 5
int
La siguiente acción es 10
El siguiente estado es 103
La linea es 8
La siguiente acción es 1
El siguiente estado es 0
La siguiente acción es 8
El siguiente estado es 5
n
La siguiente acción es 9
El siguiente estado es 5
nu
La siguiente acción es 9
El siguiente estado es 5
num
La siguiente acción es 9
El siguiente estado es 5
num_
La siguiente acción es 9
El siguiente estado es 5
num_2
La siguiente acción es 10
El siguiente estado es 103
La siguiente acción es 17
El siguiente estado es 110
La linea es 8
La siguiente acción es 1
El siguiente estado es 0
La siguiente acción es 18
El siguiente estado es 111
La linea es 9
La siguiente acción es 1
El siguiente estado es 0
La siguiente acción es 1
El siguiente estado es 0
La siguiente acción es 8
El siguiente estado es 5
r
La siguiente acción es 9
El siguiente estado es 5
re
La siguiente acción es 9
El siguiente estado es 5
ret
La siguiente acción es 9
El siguiente estado es 5
retu
La siguiente acción es 9
El siguiente estado es 5
retur
La siguiente acción es 9
El siguiente estado es 5
return
La siguiente acción es 10
El siguiente estado es 103
La linea es 10
La siguiente acción es 1
El siguiente estado es 0
La siguiente acción es 1
El siguiente estado es 0
La siguiente acción es 8
El siguiente estado es 5
n
La siguiente acción es 9
El siguiente estado es 5
nu
La siguiente acción es 9
El siguiente estado es 5
num
La siguiente acción es 9
El siguiente estado es 5
num_
La siguiente acción es 9
El siguiente estado es 5
num_1
La siguiente acción es 10
El siguiente estado es 103
La siguiente acción es 1
El siguiente estado es 0
La siguiente acción es 1
El siguiente estado es 6
La siguiente acción es 11
El siguiente estado es 104
La linea es 10
La siguiente acción es 1
El siguiente estado es 0
La siguiente acción es 8
El siguiente estado es 5
n
La siguiente acción es 9
El siguiente estado es 5
nu
La siguiente acción es 9
El siguiente estado es 5
num
La siguiente acción es 9
El siguiente estado es 5
num_
La siguiente acción es 9
El siguiente estado es 5
num_2
La siguiente acción es 10
El siguiente estado es 103
La siguiente acción es 1
El siguiente estado es 6
La siguiente acción es 11
El siguiente estado es 104
La linea es 10
La siguiente acción es 5
El siguiente estado es 4
La siguiente acción es 6
El siguiente estado es 4
La siguiente acción es 7
El siguiente estado es 102
La linea es 10
La siguiente acción es 20
El siguiente estado es 113
La linea es 10
La siguiente acción es 1
El siguiente estado es 0
La siguiente acción es 19
El siguiente estado es 112
La linea es 11
La siguiente acción es 1
El siguiente estado es 0
La siguiente acción es 1
El siguiente estado es 0
La siguiente acción es 8
El siguiente estado es 5
n
La siguiente acción es 9
El siguiente estado es 5
nu
La siguiente acción es 9
El siguiente estado es 5
num
La siguiente acción es 9
El siguiente estado es 5
numb
La siguiente acción es 9
El siguiente estado es 5
numbe
La siguiente acción es 9
El siguiente estado es 5
number
La siguiente acción es 10
El siguiente estado es 103
La siguiente acción es 1
El siguiente estado es 0
La siguiente acción es 15
El siguiente estado es 108
La linea es 13
La siguiente acción es 1
El siguiente estado es 0
La siguiente acción es 5
El siguiente estado es 4
La siguiente acción es 7
El siguiente estado es 102
La linea es 13
La siguiente acción es 20
El siguiente estado es 113
La linea es 13
La siguiente acción es 1
El siguiente estado es 0
La siguiente acción es 8
El siguiente estado es 5
p
La siguiente acción es 9
El siguiente estado es 5
pr
La siguiente acción es 9
El siguiente estado es 5
pri
La siguiente acción es 9
El siguiente estado es 5
prin
La siguiente acción es 9
El siguiente estado es 5
print
La siguiente acción es 10
El siguiente estado es 103
La linea es 14
La siguiente acción es 1
El siguiente estado es 0
La siguiente acción es 8
El siguiente estado es 5
o
La siguiente acción es 9
El siguiente estado es 5
op
La siguiente acción es 9
El siguiente estado es 5
ope
La siguiente acción es 9
El siguiente estado es 5
oper
La siguiente acción es 9
El siguiente estado es 5
opera
La siguiente acción es 9
El siguiente estado es 5
operac
La siguiente acción es 9
El siguiente estado es 5
operaci
La siguiente acción es 9
El siguiente estado es 5
operacio
La siguiente acción es 9
El siguiente estado es 5
operacion
La siguiente acción es 10
El siguiente estado es 103
La siguiente acción es 16
El siguiente estado es 109
La linea es 14
La siguiente acción es 8
El siguiente estado es 5
b
La siguiente acción es 10
El siguiente estado es 103
La siguiente acción es 21
El siguiente estado es 114
La linea es 14
La siguiente acción es 8
El siguiente estado es 5
a
La siguiente acción es 10
El siguiente estado es 103
La siguiente acción es 17
El siguiente estado es 110
La linea es 14
La siguiente acción es 20
El siguiente estado es 113
La linea es 14
La siguiente acción es 1
El siguiente estado es 0
La siguiente acción es 1
El siguiente estado es -1
